-------------------------------------
Translated Report (Full Report Below)
-------------------------------------
Process:             pulse [15360]
Path:                /Users/USER/Library/Developer/CoreSimulator/Devices/1C228E0D-5FDE-4A74-807A-7A6FB3F577CE/data/Containers/Bundle/Application/2B87616C-7270-4520-9B12-224C64A71EC9/pulse.app/pulse
Identifier:          org.reactjs.native.example.pulse
Version:             1.0 (1)
Code Type:           ARM-64 (Native)
Role:                Foreground
Parent Process:      launchd_sim [14934]
Coalition:           com.apple.CoreSimulator.SimDevice.1C228E0D-5FDE-4A74-807A-7A6FB3F577CE [28915]
Responsible Process: SimulatorTrampoline [92882]
User ID:             501

Date/Time:           2025-10-27 09:35:51.9778 +0530
Launch Time:         2025-10-27 09:35:51.3638 +0530
Hardware Model:      Mac14,2
OS Version:          macOS 26.0.1 (25A362)
Release Type:        User

Crash Reporter Key:  7F339CAB-A70C-33FA-1CF1-9C941195A435
Incident Identifier: C2891F73-7582-47AA-A6CB-37111F4F4219

Sleep/Wake UUID:       A336F94D-524F-4605-88D6-0E9AF7F52F31

Time Awake Since Boot: 170000 seconds
Time Since Wake:       92 seconds

System Integrity Protection: enabled

Triggered by Thread: 0

Exception Type:    EXC_CRASH (SIGABRT)
Exception Codes:   0x0000000000000000, 0x0000000000000000

Termination Reason:  Namespace SIGNAL, Code 6, Abort trap: 6
Terminating Process: pulse [15360]


Last Exception Backtrace:
0   CoreFoundation                	       0x1804f39dc __exceptionPreprocess + 160
1   libobjc.A.dylib               	       0x18009c084 objc_exception_throw + 72
2   CoreFoundation                	       0x1804f38f8 -[NSException initWithCoder:] + 0
3   pulse.debug.dylib             	       0x1069c9a48 +[FIRApp configure] + 120
4   pulse.debug.dylib             	       0x1067ef270 AppDelegate.application(_:didFinishLaunchingWithOptions:) + 84 (AppDelegate.swift:20)
5   pulse.debug.dylib             	       0x1067efa78 @objc AppDelegate.application(_:didFinishLaunchingWithOptions:) + 220
6   UIKitCore                     	       0x18625c2f4 -[UIApplication _handleDelegateCallbacksWithOptions:isSuspended:restoreState:] + 332
7   UIKitCore                     	       0x18625d830 -[UIApplication _callInitializationDelegatesWithActions:forScene:payload:fromOriginatingProcess:] + 3036
8   UIKitCore                     	       0x186262c4c -[UIApplication _runWithMainScene:transitionContext:completion:] + 800
9   UIKitCore                     	       0x18580d7f0 -[_UISceneLifecycleMultiplexer completeApplicationLaunchWithFBSScene:transitionContext:] + 88
10  UIKitCore                     	       0x185dcfaac _UIScenePerformActionsWithLifecycleActionMask + 96
11  UIKitCore                     	       0x18580e0cc __101-[_UISceneLifecycleMultiplexer _evalTransitionToSettings:fromSettings:forceExit:withTransitionStore:]_block_invoke + 224
12  UIKitCore                     	       0x18580dc28 -[_UISceneLifecycleMultiplexer _performBlock:withApplicationOfDeactivationReasons:fromReasons:] + 204
13  UIKitCore                     	       0x18580df00 -[_UISceneLifecycleMultiplexer _evalTransitionToSettings:fromSettings:forceExit:withTransitionStore:] + 576
14  UIKitCore                     	       0x18580d918 -[_UISceneLifecycleMultiplexer uiScene:transitionedFromState:withTransitionContext:] + 240
15  UIKitCore                     	       0x185819834 __186-[_UIWindowSceneFBSSceneTransitionContextDrivenLifecycleSettingsDiffAction _performActionsForUIScene:withUpdatedFBSScene:settingsDiff:fromSettings:transitionContext:lifecycleActionType:]_block_invoke + 140
16  UIKitCore                     	       0x185cb9eb8 +[BSAnimationSettings(UIKit) tryAnimatingWithSettings:fromCurrentState:actions:completion:] + 656
17  UIKitCore                     	       0x185de7f54 _UISceneSettingsDiffActionPerformChangesWithTransitionContextAndCompletion + 196
18  UIKitCore                     	       0x185819540 -[_UIWindowSceneFBSSceneTransitionContextDrivenLifecycleSettingsDiffAction _performActionsForUIScene:withUpdatedFBSScene:settingsDiff:fromSettings:transitionContext:lifecycleActionType:] + 288
19  UIKitCore                     	       0x18563c34c __64-[UIScene scene:didUpdateWithDiff:transitionContext:completion:]_block_invoke.190 + 612
20  UIKitCore                     	       0x18563b0ec -[UIScene _emitSceneSettingsUpdateResponseForCompletion:afterSceneUpdateWork:] + 200
21  UIKitCore                     	       0x18563bfcc -[UIScene scene:didUpdateWithDiff:transitionContext:completion:] + 220
22  UIKitCore                     	       0x1862619b8 -[UIApplication workspace:didCreateScene:withTransitionContext:completion:] + 452
23  UIKitCore                     	       0x185ce5528 -[UIApplicationSceneClientAgent scene:didInitializeWithEvent:completion:] + 260
24  FrontBoardServices            	       0x1884f1188 __95-[FBSScene _callOutQueue_didCreateWithTransitionContext:alternativeCreationCallout:completion:]_block_invoke + 304
25  FrontBoardServices            	       0x1884f15f4 -[FBSScene _callOutQueue_maybeCoalesceClientSettingsUpdates:] + 116
26  FrontBoardServices            	       0x1884f0fdc -[FBSScene _callOutQueue_didCreateWithTransitionContext:alternativeCreationCallout:completion:] + 408
27  FrontBoardServices            	       0x18855cc9c __93-[FBSWorkspaceScenesClient _callOutQueue_sendDidCreateForScene:transitionContext:completion:]_block_invoke.274 + 232
28  FrontBoardServices            	       0x1884fe864 -[FBSWorkspace _calloutQueue_executeCalloutFromSource:withBlock:] + 160
29  FrontBoardServices            	       0x18851cd24 -[FBSWorkspaceScenesClient _callOutQueue_sendDidCreateForScene:transitionContext:completion:] + 392
30  FrontBoardServices            	       0x18851e3f8 __92-[FBSWorkspaceScenesClient createSceneWithIdentity:parameters:transitionContext:completion:]_block_invoke_2 + 204
31  FrontBoardServices            	       0x1884fe864 -[FBSWorkspace _calloutQueue_executeCalloutFromSource:withBlock:] + 160
32  libdispatch.dylib             	       0x1801d34b0 _dispatch_client_callout + 12
33  libdispatch.dylib             	       0x1801bdb0c _dispatch_block_invoke_direct + 376
34  BoardServices                 	       0x187f6e73c __BSSERVICEMAINRUNLOOPQUEUE_IS_CALLING_OUT_TO_A_BLOCK__ + 44
35  BoardServices                 	       0x187f6d76c BSServiceMainRunLoopSourceHandler + 180
36  CoreFoundation                	       0x18044d4dc __CFRUNLOOP_IS_CALLING_OUT_TO_A_SOURCE0_PERFORM_FUNCTION__ + 24
37  CoreFoundation                	       0x18044d424 __CFRunLoopDoSource0 + 168
38  CoreFoundation                	       0x18044cc0c __CFRunLoopDoSources0 + 312
39  CoreFoundation                	       0x18044bd84 __CFRunLoopRun + 760
40  CoreFoundation                	       0x180446e24 _CFRunLoopRunSpecificWithOptions + 496
41  GraphicsServices              	       0x1925319bc GSEventRunModal + 116
42  UIKitCore                     	       0x18625fc3c -[UIApplication _run] + 772
43  UIKitCore                     	       0x186263e64 UIApplicationMain + 124
44  UIKitCore                     	       0x1854dc098 0x185156000 + 3694744
45  pulse.debug.dylib             	       0x1067f026c static UIApplicationDelegate.main() + 128
46  pulse.debug.dylib             	       0x1067f01dc static AppDelegate.$main() + 44
47  pulse.debug.dylib             	       0x1067f0ff0 __debug_main_executable_dylib_entry_point + 28
48  ???                           	       0x102dad3d0 ???
49  dyld                          	       0x102f84d54 start + 7184

Thread 0 Crashed:
0   libsystem_kernel.dylib        	       0x102e7085c __pthread_kill + 8
1   libsystem_pthread.dylib       	       0x102d1a2a8 pthread_kill + 264
2   libsystem_c.dylib             	       0x1801ad950 abort + 100
3   libc++abi.dylib               	       0x1802fa26c __abort_message + 128
4   libc++abi.dylib               	       0x1802ea1a4 demangling_terminate_handler() + 268
5   libobjc.A.dylib               	       0x180077218 _objc_terminate() + 124
6   libc++abi.dylib               	       0x1802f9758 std::__terminate(void (*)()) + 12
7   libc++abi.dylib               	       0x1802fc7c0 __cxxabiv1::failed_throw(__cxxabiv1::__cxa_exception*) + 32
8   libc++abi.dylib               	       0x1802fc7a0 __cxa_throw + 88
9   libobjc.A.dylib               	       0x18009c1bc objc_exception_throw + 384
10  CoreFoundation                	       0x1804f38f8 +[NSException raise:format:] + 124
11  pulse.debug.dylib             	       0x1069c9a48 +[FIRApp configure] + 120
12  pulse.debug.dylib             	       0x1067ef270 AppDelegate.application(_:didFinishLaunchingWithOptions:) + 84 (AppDelegate.swift:20)
13  pulse.debug.dylib             	       0x1067efa78 @objc AppDelegate.application(_:didFinishLaunchingWithOptions:) + 220
14  UIKitCore                     	       0x18625c2f4 -[UIApplication _handleDelegateCallbacksWithOptions:isSuspended:restoreState:] + 332
15  UIKitCore                     	       0x18625d830 -[UIApplication _callInitializationDelegatesWithActions:forScene:payload:fromOriginatingProcess:] + 3036
16  UIKitCore                     	       0x186262c4c -[UIApplication _runWithMainScene:transitionContext:completion:] + 800
17  UIKitCore                     	       0x18580d7f0 -[_UISceneLifecycleMultiplexer completeApplicationLaunchWithFBSScene:transitionContext:] + 88
18  UIKitCore                     	       0x185dcfaac _UIScenePerformActionsWithLifecycleActionMask + 96
19  UIKitCore                     	       0x18580e0cc __101-[_UISceneLifecycleMultiplexer _evalTransitionToSettings:fromSettings:forceExit:withTransitionStore:]_block_invoke + 224
20  UIKitCore                     	       0x18580dc28 -[_UISceneLifecycleMultiplexer _performBlock:withApplicationOfDeactivationReasons:fromReasons:] + 204
21  UIKitCore                     	       0x18580df00 -[_UISceneLifecycleMultiplexer _evalTransitionToSettings:fromSettings:forceExit:withTransitionStore:] + 576
22  UIKitCore                     	       0x18580d918 -[_UISceneLifecycleMultiplexer uiScene:transitionedFromState:withTransitionContext:] + 240
23  UIKitCore                     	       0x185819834 __186-[_UIWindowSceneFBSSceneTransitionContextDrivenLifecycleSettingsDiffAction _performActionsForUIScene:withUpdatedFBSScene:settingsDiff:fromSettings:transitionContext:lifecycleActionType:]_block_invoke + 140
24  UIKitCore                     	       0x185cb9eb8 +[BSAnimationSettings(UIKit) tryAnimatingWithSettings:fromCurrentState:actions:completion:] + 656
25  UIKitCore                     	       0x185de7f54 _UISceneSettingsDiffActionPerformChangesWithTransitionContextAndCompletion + 196
26  UIKitCore                     	       0x185819540 -[_UIWindowSceneFBSSceneTransitionContextDrivenLifecycleSettingsDiffAction _performActionsForUIScene:withUpdatedFBSScene:settingsDiff:fromSettings:transitionContext:lifecycleActionType:] + 288
27  UIKitCore                     	       0x18563c34c __64-[UIScene scene:didUpdateWithDiff:transitionContext:completion:]_block_invoke.190 + 612
28  UIKitCore                     	       0x18563b0ec -[UIScene _emitSceneSettingsUpdateResponseForCompletion:afterSceneUpdateWork:] + 200
29  UIKitCore                     	       0x18563bfcc -[UIScene scene:didUpdateWithDiff:transitionContext:completion:] + 220
30  UIKitCore                     	       0x1862619b8 -[UIApplication workspace:didCreateScene:withTransitionContext:completion:] + 452
31  UIKitCore                     	       0x185ce5528 -[UIApplicationSceneClientAgent scene:didInitializeWithEvent:completion:] + 260
32  FrontBoardServices            	       0x1884f1188 __95-[FBSScene _callOutQueue_didCreateWithTransitionContext:alternativeCreationCallout:completion:]_block_invoke + 304
33  FrontBoardServices            	       0x1884f15f4 -[FBSScene _callOutQueue_maybeCoalesceClientSettingsUpdates:] + 116
34  FrontBoardServices            	       0x1884f0fdc -[FBSScene _callOutQueue_didCreateWithTransitionContext:alternativeCreationCallout:completion:] + 408
35  FrontBoardServices            	       0x18855cc9c __93-[FBSWorkspaceScenesClient _callOutQueue_sendDidCreateForScene:transitionContext:completion:]_block_invoke.274 + 232
36  FrontBoardServices            	       0x1884fe864 -[FBSWorkspace _calloutQueue_executeCalloutFromSource:withBlock:] + 160
37  FrontBoardServices            	       0x18851cd24 -[FBSWorkspaceScenesClient _callOutQueue_sendDidCreateForScene:transitionContext:completion:] + 392
38  FrontBoardServices            	       0x18851e3f8 __92-[FBSWorkspaceScenesClient createSceneWithIdentity:parameters:transitionContext:completion:]_block_invoke_2 + 204
39  FrontBoardServices            	       0x1884fe864 -[FBSWorkspace _calloutQueue_executeCalloutFromSource:withBlock:] + 160
40  libdispatch.dylib             	       0x1801d34b0 _dispatch_client_callout + 12
41  libdispatch.dylib             	       0x1801bdb0c _dispatch_block_invoke_direct + 376
42  BoardServices                 	       0x187f6e73c __BSSERVICEMAINRUNLOOPQUEUE_IS_CALLING_OUT_TO_A_BLOCK__ + 44
43  BoardServices                 	       0x187f6d76c BSServiceMainRunLoopSourceHandler + 180
44  CoreFoundation                	       0x18044d4dc __CFRUNLOOP_IS_CALLING_OUT_TO_A_SOURCE0_PERFORM_FUNCTION__ + 24
45  CoreFoundation                	       0x18044d424 __CFRunLoopDoSource0 + 168
46  CoreFoundation                	       0x18044cc0c __CFRunLoopDoSources0 + 312
47  CoreFoundation                	       0x18044bd84 __CFRunLoopRun + 760
48  CoreFoundation                	       0x180446e24 _CFRunLoopRunSpecificWithOptions + 496
49  GraphicsServices              	       0x1925319bc GSEventRunModal + 116
50  UIKitCore                     	       0x18625fc3c -[UIApplication _run] + 772
51  UIKitCore                     	       0x186263e64 UIApplicationMain + 124
52  UIKitCore                     	       0x1854dc098 0x185156000 + 3694744
53  pulse.debug.dylib             	       0x1067f026c static UIApplicationDelegate.main() + 128
54  pulse.debug.dylib             	       0x1067f01dc static AppDelegate.$main() + 44
55  pulse.debug.dylib             	       0x1067f0ff0 __debug_main_executable_dylib_entry_point + 28
56  ???                           	       0x102dad3d0 ???
57  dyld                          	       0x102f84d54 start + 7184

Thread 1:

Thread 2:
0   libsystem_kernel.dylib        	       0x102e6a77c __ulock_wait + 8
1   libdispatch.dylib             	       0x1801ba5b0 _dlock_wait + 52
2   libdispatch.dylib             	       0x1801ba3bc _dispatch_thread_event_wait_slow + 52
3   libdispatch.dylib             	       0x1801c9368 __DISPATCH_WAIT_FOR_QUEUE__ + 392
4   libdispatch.dylib             	       0x1801c8e64 _dispatch_sync_f_slow + 160
5   libsystem_trace.dylib         	       0x1800f2fa4 ___os_state_request_for_self_block_invoke + 340
6   libdispatch.dylib             	       0x1801b87a8 _dispatch_call_block_and_release + 24
7   libdispatch.dylib             	       0x1801d34b0 _dispatch_client_callout + 12
8   libdispatch.dylib             	       0x1801c1c28 _dispatch_lane_serial_drain + 984
9   libdispatch.dylib             	       0x1801c26e8 _dispatch_lane_invoke + 396
10  libdispatch.dylib             	       0x1801cd534 _dispatch_root_queue_drain_deferred_wlh + 288
11  libdispatch.dylib             	       0x1801ccc74 _dispatch_workloop_worker_thread + 692
12  libsystem_pthread.dylib       	       0x102d16b8c _pthread_wqthread + 288
13  libsystem_pthread.dylib       	       0x102d1598c start_wqthread + 8

Thread 3:

Thread 4:

Thread 5:: com.apple.uikit.eventfetch-thread
0   libsystem_kernel.dylib        	       0x102e68b70 mach_msg2_trap + 8
1   libsystem_kernel.dylib        	       0x102e7990c mach_msg2_internal + 72
2   libsystem_kernel.dylib        	       0x102e70c10 mach_msg_overwrite + 480
3   libsystem_kernel.dylib        	       0x102e68ee4 mach_msg + 20
4   CoreFoundation                	       0x18044cd3c __CFRunLoopServiceMachPort + 156
5   CoreFoundation                	       0x18044bef4 __CFRunLoopRun + 1128
6   CoreFoundation                	       0x180446e24 _CFRunLoopRunSpecificWithOptions + 496
7   Foundation                    	       0x1810f1cac -[NSRunLoop(NSRunLoop) runMode:beforeDate:] + 208
8   Foundation                    	       0x1810f1ecc -[NSRunLoop(NSRunLoop) runUntilDate:] + 60
9   UIKitCore                     	       0x1863170f8 -[UIEventFetcher threadMain] + 392
10  Foundation                    	       0x181118b78 __NSThread__start__ + 716
11  libsystem_pthread.dylib       	       0x102d1a5ac _pthread_start + 104
12  libsystem_pthread.dylib       	       0x102d15998 thread_start + 8

Thread 6:
0   libsystem_kernel.dylib        	       0x102e6a77c __ulock_wait + 8
1   libdispatch.dylib             	       0x1801ba5b0 _dlock_wait + 52
2   libdispatch.dylib             	       0x1801ba3bc _dispatch_thread_event_wait_slow + 52
3   libdispatch.dylib             	       0x1801c9368 __DISPATCH_WAIT_FOR_QUEUE__ + 392
4   libdispatch.dylib             	       0x1801c8e64 _dispatch_sync_f_slow + 160
5   UIKitCore                     	       0x18609c358 __37-[_UIRemoteKeyboards startConnection]_block_invoke.396 + 116
6   CoreFoundation                	       0x1804fa3b0 __invoking___ + 144
7   CoreFoundation                	       0x1804f755c -[NSInvocation invoke] + 276
8   Foundation                    	       0x1811d61fc <deduplicated_symbol> + 12
9   Foundation                    	       0x1811d5e68 -[NSXPCConnection _decodeAndInvokeReplyBlockWithEvent:sequence:replyInfo:] + 484
10  Foundation                    	       0x1811d9d50 __88-[NSXPCConnection _sendInvocation:orArguments:count:methodSignature:selector:withProxy:]_block_invoke_5 + 184
11  libxpc.dylib                  	       0x180114924 _xpc_connection_reply_callout + 60
12  libxpc.dylib                  	       0x1801078bc _xpc_connection_call_reply_async + 92
13  libdispatch.dylib             	       0x1801d34d8 <deduplicated_symbol> + 12
14  libdispatch.dylib             	       0x1801d7c04 _dispatch_mach_msg_async_reply_invoke + 508
15  libdispatch.dylib             	       0x1801c1980 _dispatch_lane_serial_drain + 304
16  libdispatch.dylib             	       0x1801c26e8 _dispatch_lane_invoke + 396
17  libdispatch.dylib             	       0x1801cd534 _dispatch_root_queue_drain_deferred_wlh + 288
18  libdispatch.dylib             	       0x1801ccc74 _dispatch_workloop_worker_thread + 692
19  libsystem_pthread.dylib       	       0x102d16b8c _pthread_wqthread + 288
20  libsystem_pthread.dylib       	       0x102d1598c start_wqthread + 8

Thread 7:

Thread 8:

Thread 9:

Thread 10:


Thread 0 crashed with ARM Thread State (64-bit):
    x0: 0x0000000000000000   x1: 0x0000000000000000   x2: 0x0000000000000000   x3: 0x0000000000000000
    x4: 0x00000001802fdcab   x5: 0x000000016d0fe3c0   x6: 0x000000000000006e   x7: 0x0000000000000000
    x8: 0x0000000103029e40   x9: 0x607d666dfac75deb  x10: 0x0000000000000051  x11: 0x000000000000000b
   x12: 0x000000000000000b  x13: 0x00000001807150d4  x14: 0x00000000000007fb  x15: 0x00000000a601c847
   x16: 0x0000000000000148  x17: 0x00000000a621c7fb  x18: 0x0000000000000000  x19: 0x0000000000000006
   x20: 0x0000000000000103  x21: 0x0000000103029f20  x22: 0x00000001f29bb000  x23: 0x0000000000000000
   x24: 0x0000000000000000  x25: 0x00000001f2bc3000  x26: 0x00000001f2b7c000  x27: 0x000000002b870064
   x28: 0x0000000000000010   fp: 0x000000016d0fe330   lr: 0x0000000102d1a2a8
    sp: 0x000000016d0fe310   pc: 0x0000000102e7085c cpsr: 0x40001000
   far: 0x0000000000000000  esr: 0x56000080 (Syscall)

Binary Images:
       0x102f7c000 -        0x10301bfff dyld (*) <abfd3247-50ac-3c8e-b72a-83710166e982> /usr/lib/dyld
       0x102cfc000 -        0x102cfffff org.reactjs.native.example.pulse (1.0) <94b16d5d-ce2b-3347-b223-cb8f2fcc2229> /Users/USER/Library/Developer/CoreSimulator/Devices/1C228E0D-5FDE-4A74-807A-7A6FB3F577CE/data/Containers/Bundle/Application/2B87616C-7270-4520-9B12-224C64A71EC9/pulse.app/pulse
       0x1067ec000 -        0x107a2ffff pulse.debug.dylib (*) <ff5b8371-7a85-3887-a55c-ba333e4b135b> /Users/USER/Library/Developer/CoreSimulator/Devices/1C228E0D-5FDE-4A74-807A-7A6FB3F577CE/data/Containers/Bundle/Application/2B87616C-7270-4520-9B12-224C64A71EC9/pulse.app/pulse.debug.dylib
       0x10372c000 -        0x103ab3fff dev.hermesengine.iphonesimulator (0.12.0) <4949cd5e-de1f-3087-b8b3-4102ab8a92d7> /Users/USER/Library/Developer/CoreSimulator/Devices/1C228E0D-5FDE-4A74-807A-7A6FB3F577CE/data/Containers/Bundle/Application/2B87616C-7270-4520-9B12-224C64A71EC9/pulse.app/Frameworks/hermesvm.framework/hermesvm
       0x102d78000 -        0x102d7ffff libsystem_platform.dylib (*) <17930e7e-c827-30c1-ac1b-3609e78ce08f> /usr/lib/system/libsystem_platform.dylib
       0x102e68000 -        0x102ea3fff libsystem_kernel.dylib (*) <6dd16983-f208-3e1d-920e-bcca7f52f6ad> /usr/lib/system/libsystem_kernel.dylib
       0x102d14000 -        0x102d23fff libsystem_pthread.dylib (*) <2a3baf85-cbb9-3ccc-8c41-958d019a8ec5> /usr/lib/system/libsystem_pthread.dylib
       0x1031b4000 -        0x1031bffff libobjc-trampolines.dylib (*) <78c22921-6ad3-3681-bedb-525a69493719> /Volumes/VOLUME/*/libobjc-trampolines.dylib
       0x180139000 -        0x1801b627b libsystem_c.dylib (*) <d591507f-069e-335b-a3ba-95dbac2e9dfa> /Volumes/VOLUME/*/libsystem_c.dylib
       0x1802e9000 -        0x18030156f libc++abi.dylib (*) <5b496e0d-c60f-38e4-8d0a-0e27ad32b14a> /Volumes/VOLUME/*/libc++abi.dylib
       0x180070000 -        0x1800ad287 libobjc.A.dylib (*) <99860b81-03a1-3f42-a755-321cc0032934> /Volumes/VOLUME/*/libobjc.A.dylib
       0x1803ba000 -        0x1807dae3f com.apple.CoreFoundation (6.9) <7b44bd11-eb8c-337a-82fc-b81c10bd0b15> /Volumes/VOLUME/*/CoreFoundation.framework/CoreFoundation
       0x185156000 -        0x1872d0b5f com.apple.UIKitCore (1.0) <718bdf15-89c6-3901-9eac-98ea2b8dc1bd> /Volumes/VOLUME/*/UIKitCore.framework/UIKitCore
       0x1884e2000 -        0x1885af13f com.apple.FrontBoardServices (1000.0.1) <eceae339-93fd-335c-9db9-77ee6b6ef896> /Volumes/VOLUME/*/FrontBoardServices.framework/FrontBoardServices
       0x1801b7000 -        0x1801fc1bf libdispatch.dylib (*) <e4af9b0e-70f1-369d-8dd1-f07b9754834b> /Volumes/VOLUME/*/libdispatch.dylib
       0x187f43000 -        0x187fc10bf com.apple.BoardServices (1.0) <8952375b-52e0-3806-ae86-6733c45a450f> /Volumes/VOLUME/*/BoardServices.framework/BoardServices
       0x19252f000 -        0x192536dbf com.apple.GraphicsServices (1.0) <02f377dd-50ff-356a-bcea-2c061ebe5045> /Volumes/VOLUME/*/GraphicsServices.framework/GraphicsServices
               0x0 - 0xffffffffffffffff ??? (*) <00000000-0000-0000-0000-000000000000> ???
       0x1800da000 -        0x1800f7eff libsystem_trace.dylib (*) <00017735-361b-302f-92f1-6b098d6b0948> /Volumes/VOLUME/*/libsystem_trace.dylib
       0x18085a000 -        0x1815b48ff com.apple.Foundation (6.9) <0525cd9f-cd95-31fe-856c-939c0851eb23> /Volumes/VOLUME/*/Foundation.framework/Foundation
       0x1800f8000 -        0x18013595f libxpc.dylib (*) <8e65da13-e624-392f-8392-b80bf6fec65e> /Volumes/VOLUME/*/libxpc.dylib

External Modification Summary:
  Calls made by other processes targeting this process:
    task_for_pid: 0
    thread_create: 0
    thread_set_state: 0
  Calls made by this process:
    task_for_pid: 0
    thread_create: 0
    thread_set_state: 0
  Calls made by all processes on this machine:
    task_for_pid: 3
    thread_create: 0
    thread_set_state: 78

VM Region Summary:
ReadOnly portion of Libraries: Total=2.0G resident=0K(0%) swapped_out_or_unallocated=2.0G(100%)
Writable regions: Total=610.2M written=1907K(0%) resident=1907K(0%) swapped_out=0K(0%) unallocated=608.4M(100%)

                                VIRTUAL   REGION 
REGION TYPE                        SIZE    COUNT (non-coalesced) 
===========                     =======  ======= 
Activity Tracing                   256K        1 
ColorSync                           48K        3 
Foundation                          16K        1 
Kernel Alloc Once                   32K        1 
MALLOC                           594.4M       34 
MALLOC guard page                  128K        8 
STACK GUARD                       56.2M       11 
Stack                             13.3M       11 
VM_ALLOCATE                        160K        2 
__DATA                            54.9M     1015 
__DATA_CONST                     130.3M     1043 
__DATA_DIRTY                       139K       13 
__FONT_DATA                        2352        1 
__LINKEDIT                       738.6M        9 
__OBJC_RO                         62.5M        1 
__OBJC_RW                         2768K        1 
__TEXT                             1.2G     1058 
__TPRO_CONST                       148K        2 
dyld private memory                2.1G       15 
mapped file                       33.2M        9 
page table in kernel              1907K        1 
shared memory                       16K        1 
===========                     =======  ======= 
TOTAL                              5.0G     3241 


-----------
Full Report
-----------

{"app_name":"pulse","timestamp":"2025-10-27 09:36:29.00 +0530","app_version":"1.0","slice_uuid":"94b16d5d-ce2b-3347-b223-cb8f2fcc2229","build_version":"1","platform":7,"bundleID":"org.reactjs.native.example.pulse","share_with_app_devs":1,"is_first_party":0,"bug_type":"309","os_version":"macOS 26.0.1 (25A362)","roots_installed":0,"name":"pulse","incident_id":"C2891F73-7582-47AA-A6CB-37111F4F4219"}
{
  "uptime" : 170000,
  "procRole" : "Foreground",
  "version" : 2,
  "userID" : 501,
  "deployVersion" : 210,
  "modelCode" : "Mac14,2",
  "coalitionID" : 28915,
  "osVersion" : {
    "train" : "macOS 26.0.1",
    "build" : "25A362",
    "releaseType" : "User"
  },
  "captureTime" : "2025-10-27 09:35:51.9778 +0530",
  "codeSigningMonitor" : 2,
  "incident" : "C2891F73-7582-47AA-A6CB-37111F4F4219",
  "pid" : 15360,
  "translated" : false,
  "cpuType" : "ARM-64",
  "roots_installed" : 0,
  "bug_type" : "309",
  "procLaunch" : "2025-10-27 09:35:51.3638 +0530",
  "procStartAbsTime" : 4179492022430,
  "procExitAbsTime" : 4179506716826,
  "procName" : "pulse",
  "procPath" : "\/Users\/USER\/Library\/Developer\/CoreSimulator\/Devices\/1C228E0D-5FDE-4A74-807A-7A6FB3F577CE\/data\/Containers\/Bundle\/Application\/2B87616C-7270-4520-9B12-224C64A71EC9\/pulse.app\/pulse",
  "bundleInfo" : {"CFBundleShortVersionString":"1.0","CFBundleVersion":"1","CFBundleIdentifier":"org.reactjs.native.example.pulse"},
  "storeInfo" : {"deviceIdentifierForVendor":"6CE9806C-E861-50DB-AD77-AA0F5DD4DE32","thirdParty":true},
  "parentProc" : "launchd_sim",
  "parentPid" : 14934,
  "coalitionName" : "com.apple.CoreSimulator.SimDevice.1C228E0D-5FDE-4A74-807A-7A6FB3F577CE",
  "crashReporterKey" : "7F339CAB-A70C-33FA-1CF1-9C941195A435",
  "developerMode" : 1,
  "bootProgressRegister" : "0x2f000000",
  "responsiblePid" : 92882,
  "responsibleProc" : "SimulatorTrampoline",
  "codeSigningID" : "org.reactjs.native.example.pulse",
  "codeSigningTeamID" : "",
  "codeSigningFlags" : 570425857,
  "codeSigningValidationCategory" : 10,
  "codeSigningTrustLevel" : 4294967295,
  "codeSigningAuxiliaryInfo" : 0,
  "instructionByteStream" : {"beforePC":"4wAAVP17v6n9AwCRKeP\/l78DAJH9e8GowANf1sADX9YQKYDSARAA1A==","atPC":"4wAAVP17v6n9AwCRH+P\/l78DAJH9e8GowANf1sADX9ZwCoDSARAA1A=="},
  "bootSessionUUID" : "4EF0C370-6234-4330-A2B4-15C1DF022F66",
  "wakeTime" : 92,
  "sleepWakeUUID" : "A336F94D-524F-4605-88D6-0E9AF7F52F31",
  "sip" : "enabled",
  "exception" : {"codes":"0x0000000000000000, 0x0000000000000000","rawCodes":[0,0],"type":"EXC_CRASH","signal":"SIGABRT"},
  "termination" : {"flags":0,"code":6,"namespace":"SIGNAL","indicator":"Abort trap: 6","byProc":"pulse","byPid":15360},
  "extMods" : {"caller":{"thread_create":0,"thread_set_state":0,"task_for_pid":0},"system":{"thread_create":0,"thread_set_state":78,"task_for_pid":3},"targeted":{"thread_create":0,"thread_set_state":0,"task_for_pid":0},"warnings":0},
  "lastExceptionBacktrace" : [{"imageOffset":1284572,"symbol":"__exceptionPreprocess","symbolLocation":160,"imageIndex":11},{"imageOffset":180356,"symbol":"objc_exception_throw","symbolLocation":72,"imageIndex":10},{"imageOffset":1284344,"symbol":"-[NSException initWithCoder:]","symbolLocation":0,"imageIndex":11},{"imageOffset":1956424,"symbol":"+[FIRApp configure]","symbolLocation":120,"imageIndex":2},{"imageOffset":12912,"sourceLine":20,"sourceFile":"AppDelegate.swift","symbol":"AppDelegate.application(_:didFinishLaunchingWithOptions:)","imageIndex":2,"symbolLocation":84},{"imageOffset":14968,"sourceFile":"\/<compiler-generated>","symbol":"@objc AppDelegate.application(_:didFinishLaunchingWithOptions:)","symbolLocation":220,"imageIndex":2},{"imageOffset":17851124,"symbol":"-[UIApplication _handleDelegateCallbacksWithOptions:isSuspended:restoreState:]","symbolLocation":332,"imageIndex":12},{"imageOffset":17856560,"symbol":"-[UIApplication _callInitializationDelegatesWithActions:forScene:payload:fromOriginatingProcess:]","symbolLocation":3036,"imageIndex":12},{"imageOffset":17878092,"symbol":"-[UIApplication _runWithMainScene:transitionContext:completion:]","symbolLocation":800,"imageIndex":12},{"imageOffset":7043056,"symbol":"-[_UISceneLifecycleMultiplexer completeApplicationLaunchWithFBSScene:transitionContext:]","symbolLocation":88,"imageIndex":12},{"imageOffset":13081260,"symbol":"_UIScenePerformActionsWithLifecycleActionMask","symbolLocation":96,"imageIndex":12},{"imageOffset":7045324,"symbol":"__101-[_UISceneLifecycleMultiplexer _evalTransitionToSettings:fromSettings:forceExit:withTransitionStore:]_block_invoke","symbolLocation":224,"imageIndex":12},{"imageOffset":7044136,"symbol":"-[_UISceneLifecycleMultiplexer _performBlock:withApplicationOfDeactivationReasons:fromReasons:]","symbolLocation":204,"imageIndex":12},{"imageOffset":7044864,"symbol":"-[_UISceneLifecycleMultiplexer _evalTransitionToSettings:fromSettings:forceExit:withTransitionStore:]","symbolLocation":576,"imageIndex":12},{"imageOffset":7043352,"symbol":"-[_UISceneLifecycleMultiplexer uiScene:transitionedFromState:withTransitionContext:]","symbolLocation":240,"imageIndex":12},{"imageOffset":7092276,"symbol":"__186-[_UIWindowSceneFBSSceneTransitionContextDrivenLifecycleSettingsDiffAction _performActionsForUIScene:withUpdatedFBSScene:settingsDiff:fromSettings:transitionContext:lifecycleActionType:]_block_invoke","symbolLocation":140,"imageIndex":12},{"imageOffset":11943608,"symbol":"+[BSAnimationSettings(UIKit) tryAnimatingWithSettings:fromCurrentState:actions:completion:]","symbolLocation":656,"imageIndex":12},{"imageOffset":13180756,"symbol":"_UISceneSettingsDiffActionPerformChangesWithTransitionContextAndCompletion","symbolLocation":196,"imageIndex":12},{"imageOffset":7091520,"symbol":"-[_UIWindowSceneFBSSceneTransitionContextDrivenLifecycleSettingsDiffAction _performActionsForUIScene:withUpdatedFBSScene:settingsDiff:fromSettings:transitionContext:lifecycleActionType:]","symbolLocation":288,"imageIndex":12},{"imageOffset":5137228,"symbol":"__64-[UIScene scene:didUpdateWithDiff:transitionContext:completion:]_block_invoke.190","symbolLocation":612,"imageIndex":12},{"imageOffset":5132524,"symbol":"-[UIScene _emitSceneSettingsUpdateResponseForCompletion:afterSceneUpdateWork:]","symbolLocation":200,"imageIndex":12},{"imageOffset":5136332,"symbol":"-[UIScene scene:didUpdateWithDiff:transitionContext:completion:]","symbolLocation":220,"imageIndex":12},{"imageOffset":17873336,"symbol":"-[UIApplication workspace:didCreateScene:withTransitionContext:completion:]","symbolLocation":452,"imageIndex":12},{"imageOffset":12121384,"symbol":"-[UIApplicationSceneClientAgent scene:didInitializeWithEvent:completion:]","symbolLocation":260,"imageIndex":12},{"imageOffset":61832,"symbol":"__95-[FBSScene _callOutQueue_didCreateWithTransitionContext:alternativeCreationCallout:completion:]_block_invoke","symbolLocation":304,"imageIndex":13},{"imageOffset":62964,"symbol":"-[FBSScene _callOutQueue_maybeCoalesceClientSettingsUpdates:]","symbolLocation":116,"imageIndex":13},{"imageOffset":61404,"symbol":"-[FBSScene _callOutQueue_didCreateWithTransitionContext:alternativeCreationCallout:completion:]","symbolLocation":408,"imageIndex":13},{"imageOffset":502940,"symbol":"__93-[FBSWorkspaceScenesClient _callOutQueue_sendDidCreateForScene:transitionContext:completion:]_block_invoke.274","symbolLocation":232,"imageIndex":13},{"imageOffset":116836,"symbol":"-[FBSWorkspace _calloutQueue_executeCalloutFromSource:withBlock:]","symbolLocation":160,"imageIndex":13},{"imageOffset":240932,"symbol":"-[FBSWorkspaceScenesClient _callOutQueue_sendDidCreateForScene:transitionContext:completion:]","symbolLocation":392,"imageIndex":13},{"imageOffset":246776,"symbol":"__92-[FBSWorkspaceScenesClient createSceneWithIdentity:parameters:transitionContext:completion:]_block_invoke_2","symbolLocation":204,"imageIndex":13},{"imageOffset":116836,"symbol":"-[FBSWorkspace _calloutQueue_executeCalloutFromSource:withBlock:]","symbolLocation":160,"imageIndex":13},{"imageOffset":115888,"symbol":"_dispatch_client_callout","symbolLocation":12,"imageIndex":14},{"imageOffset":27404,"symbol":"_dispatch_block_invoke_direct","symbolLocation":376,"imageIndex":14},{"imageOffset":177980,"symbol":"__BSSERVICEMAINRUNLOOPQUEUE_IS_CALLING_OUT_TO_A_BLOCK__","symbolLocation":44,"imageIndex":15},{"imageOffset":173932,"symbol":"BSServiceMainRunLoopSourceHandler","symbolLocation":180,"imageIndex":15},{"imageOffset":603356,"symbol":"__CFRUNLOOP_IS_CALLING_OUT_TO_A_SOURCE0_PERFORM_FUNCTION__","symbolLocation":24,"imageIndex":11},{"imageOffset":603172,"symbol":"__CFRunLoopDoSource0","symbolLocation":168,"imageIndex":11},{"imageOffset":601100,"symbol":"__CFRunLoopDoSources0","symbolLocation":312,"imageIndex":11},{"imageOffset":597380,"symbol":"__CFRunLoopRun","symbolLocation":760,"imageIndex":11},{"imageOffset":577060,"symbol":"_CFRunLoopRunSpecificWithOptions","symbolLocation":496,"imageIndex":11},{"imageOffset":10684,"symbol":"GSEventRunModal","symbolLocation":116,"imageIndex":16},{"imageOffset":17865788,"symbol":"-[UIApplication _run]","symbolLocation":772,"imageIndex":12},{"imageOffset":17882724,"symbol":"UIApplicationMain","symbolLocation":124,"imageIndex":12},{"imageOffset":3694744,"imageIndex":12},{"imageOffset":17004,"sourceFile":"\/<compiler-generated>","symbol":"static UIApplicationDelegate.main()","symbolLocation":128,"imageIndex":2},{"imageOffset":16860,"sourceFile":"\/<compiler-generated>","symbol":"static AppDelegate.$main()","symbolLocation":44,"imageIndex":2},{"imageOffset":20464,"sourceFile":"\/<compiler-generated>","symbol":"__debug_main_executable_dylib_entry_point","symbolLocation":28,"imageIndex":2},{"imageOffset":4342862800,"imageIndex":17},{"imageOffset":36180,"symbol":"start","symbolLocation":7184,"imageIndex":0}],
  "faultingThread" : 0,
  "threads" : [{"triggered":true,"id":2611461,"threadState":{"x":[{"value":0},{"value":0},{"value":0},{"value":0},{"value":6445587627},{"value":6124725184},{"value":110},{"value":0},{"value":4345470528,"symbolLocation":0,"symbol":"_main_thread"},{"value":6952826022274751979},{"value":81},{"value":11},{"value":11},{"value":6449877204},{"value":2043},{"value":2785134663},{"value":328},{"value":2787231739},{"value":0},{"value":6},{"value":259},{"value":4345470752,"symbolLocation":224,"symbol":"_main_thread"},{"value":8365256704,"symbolLocation":1152,"symbol":"objc_debug_taggedpointer_ext_classes"},{"value":0},{"value":0},{"value":8367386624,"symbolLocation":32,"symbol":"OBJC_CLASS_$__UIHDRSettingsDomain"},{"value":8367095808,"symbolLocation":0,"symbol":"OBJC_IVAR_$__UIDatePickerMode_TimeInterval._componentWidth"},{"value":730267748},{"value":16}],"flavor":"ARM_THREAD_STATE64","lr":{"value":4342260392},"cpsr":{"value":1073745920},"fp":{"value":6124725040},"sp":{"value":6124725008},"esr":{"value":1442840704,"description":"(Syscall)"},"pc":{"value":4343662684,"matchesCrashFrame":1},"far":{"value":0}},"frames":[{"imageOffset":34908,"symbol":"__pthread_kill","symbolLocation":8,"imageIndex":5},{"imageOffset":25256,"symbol":"pthread_kill","symbolLocation":264,"imageIndex":6},{"imageOffset":477520,"symbol":"abort","symbolLocation":100,"imageIndex":8},{"imageOffset":70252,"symbol":"__abort_message","symbolLocation":128,"imageIndex":9},{"imageOffset":4516,"symbol":"demangling_terminate_handler()","symbolLocation":268,"imageIndex":9},{"imageOffset":29208,"symbol":"_objc_terminate()","symbolLocation":124,"imageIndex":10},{"imageOffset":67416,"symbol":"std::__terminate(void (*)())","symbolLocation":12,"imageIndex":9},{"imageOffset":79808,"symbol":"__cxxabiv1::failed_throw(__cxxabiv1::__cxa_exception*)","symbolLocation":32,"imageIndex":9},{"imageOffset":79776,"symbol":"__cxa_throw","symbolLocation":88,"imageIndex":9},{"imageOffset":180668,"symbol":"objc_exception_throw","symbolLocation":384,"imageIndex":10},{"imageOffset":1284344,"symbol":"+[NSException raise:format:]","symbolLocation":124,"imageIndex":11},{"imageOffset":1956424,"symbol":"+[FIRApp configure]","symbolLocation":120,"imageIndex":2},{"imageOffset":12912,"sourceLine":20,"sourceFile":"AppDelegate.swift","symbol":"AppDelegate.application(_:didFinishLaunchingWithOptions:)","imageIndex":2,"symbolLocation":84},{"imageOffset":14968,"sourceFile":"\/<compiler-generated>","symbol":"@objc AppDelegate.application(_:didFinishLaunchingWithOptions:)","symbolLocation":220,"imageIndex":2},{"imageOffset":17851124,"symbol":"-[UIApplication _handleDelegateCallbacksWithOptions:isSuspended:restoreState:]","symbolLocation":332,"imageIndex":12},{"imageOffset":17856560,"symbol":"-[UIApplication _callInitializationDelegatesWithActions:forScene:payload:fromOriginatingProcess:]","symbolLocation":3036,"imageIndex":12},{"imageOffset":17878092,"symbol":"-[UIApplication _runWithMainScene:transitionContext:completion:]","symbolLocation":800,"imageIndex":12},{"imageOffset":7043056,"symbol":"-[_UISceneLifecycleMultiplexer completeApplicationLaunchWithFBSScene:transitionContext:]","symbolLocation":88,"imageIndex":12},{"imageOffset":13081260,"symbol":"_UIScenePerformActionsWithLifecycleActionMask","symbolLocation":96,"imageIndex":12},{"imageOffset":7045324,"symbol":"__101-[_UISceneLifecycleMultiplexer _evalTransitionToSettings:fromSettings:forceExit:withTransitionStore:]_block_invoke","symbolLocation":224,"imageIndex":12},{"imageOffset":7044136,"symbol":"-[_UISceneLifecycleMultiplexer _performBlock:withApplicationOfDeactivationReasons:fromReasons:]","symbolLocation":204,"imageIndex":12},{"imageOffset":7044864,"symbol":"-[_UISceneLifecycleMultiplexer _evalTransitionToSettings:fromSettings:forceExit:withTransitionStore:]","symbolLocation":576,"imageIndex":12},{"imageOffset":7043352,"symbol":"-[_UISceneLifecycleMultiplexer uiScene:transitionedFromState:withTransitionContext:]","symbolLocation":240,"imageIndex":12},{"imageOffset":7092276,"symbol":"__186-[_UIWindowSceneFBSSceneTransitionContextDrivenLifecycleSettingsDiffAction _performActionsForUIScene:withUpdatedFBSScene:settingsDiff:fromSettings:transitionContext:lifecycleActionType:]_block_invoke","symbolLocation":140,"imageIndex":12},{"imageOffset":11943608,"symbol":"+[BSAnimationSettings(UIKit) tryAnimatingWithSettings:fromCurrentState:actions:completion:]","symbolLocation":656,"imageIndex":12},{"imageOffset":13180756,"symbol":"_UISceneSettingsDiffActionPerformChangesWithTransitionContextAndCompletion","symbolLocation":196,"imageIndex":12},{"imageOffset":7091520,"symbol":"-[_UIWindowSceneFBSSceneTransitionContextDrivenLifecycleSettingsDiffAction _performActionsForUIScene:withUpdatedFBSScene:settingsDiff:fromSettings:transitionContext:lifecycleActionType:]","symbolLocation":288,"imageIndex":12},{"imageOffset":5137228,"symbol":"__64-[UIScene scene:didUpdateWithDiff:transitionContext:completion:]_block_invoke.190","symbolLocation":612,"imageIndex":12},{"imageOffset":5132524,"symbol":"-[UIScene _emitSceneSettingsUpdateResponseForCompletion:afterSceneUpdateWork:]","symbolLocation":200,"imageIndex":12},{"imageOffset":5136332,"symbol":"-[UIScene scene:didUpdateWithDiff:transitionContext:completion:]","symbolLocation":220,"imageIndex":12},{"imageOffset":17873336,"symbol":"-[UIApplication workspace:didCreateScene:withTransitionContext:completion:]","symbolLocation":452,"imageIndex":12},{"imageOffset":12121384,"symbol":"-[UIApplicationSceneClientAgent scene:didInitializeWithEvent:completion:]","symbolLocation":260,"imageIndex":12},{"imageOffset":61832,"symbol":"__95-[FBSScene _callOutQueue_didCreateWithTransitionContext:alternativeCreationCallout:completion:]_block_invoke","symbolLocation":304,"imageIndex":13},{"imageOffset":62964,"symbol":"-[FBSScene _callOutQueue_maybeCoalesceClientSettingsUpdates:]","symbolLocation":116,"imageIndex":13},{"imageOffset":61404,"symbol":"-[FBSScene _callOutQueue_didCreateWithTransitionContext:alternativeCreationCallout:completion:]","symbolLocation":408,"imageIndex":13},{"imageOffset":502940,"symbol":"__93-[FBSWorkspaceScenesClient _callOutQueue_sendDidCreateForScene:transitionContext:completion:]_block_invoke.274","symbolLocation":232,"imageIndex":13},{"imageOffset":116836,"symbol":"-[FBSWorkspace _calloutQueue_executeCalloutFromSource:withBlock:]","symbolLocation":160,"imageIndex":13},{"imageOffset":240932,"symbol":"-[FBSWorkspaceScenesClient _callOutQueue_sendDidCreateForScene:transitionContext:completion:]","symbolLocation":392,"imageIndex":13},{"imageOffset":246776,"symbol":"__92-[FBSWorkspaceScenesClient createSceneWithIdentity:parameters:transitionContext:completion:]_block_invoke_2","symbolLocation":204,"imageIndex":13},{"imageOffset":116836,"symbol":"-[FBSWorkspace _calloutQueue_executeCalloutFromSource:withBlock:]","symbolLocation":160,"imageIndex":13},{"imageOffset":115888,"symbol":"_dispatch_client_callout","symbolLocation":12,"imageIndex":14},{"imageOffset":27404,"symbol":"_dispatch_block_invoke_direct","symbolLocation":376,"imageIndex":14},{"imageOffset":177980,"symbol":"__BSSERVICEMAINRUNLOOPQUEUE_IS_CALLING_OUT_TO_A_BLOCK__","symbolLocation":44,"imageIndex":15},{"imageOffset":173932,"symbol":"BSServiceMainRunLoopSourceHandler","symbolLocation":180,"imageIndex":15},{"imageOffset":603356,"symbol":"__CFRUNLOOP_IS_CALLING_OUT_TO_A_SOURCE0_PERFORM_FUNCTION__","symbolLocation":24,"imageIndex":11},{"imageOffset":603172,"symbol":"__CFRunLoopDoSource0","symbolLocation":168,"imageIndex":11},{"imageOffset":601100,"symbol":"__CFRunLoopDoSources0","symbolLocation":312,"imageIndex":11},{"imageOffset":597380,"symbol":"__CFRunLoopRun","symbolLocation":760,"imageIndex":11},{"imageOffset":577060,"symbol":"_CFRunLoopRunSpecificWithOptions","symbolLocation":496,"imageIndex":11},{"imageOffset":10684,"symbol":"GSEventRunModal","symbolLocation":116,"imageIndex":16},{"imageOffset":17865788,"symbol":"-[UIApplication _run]","symbolLocation":772,"imageIndex":12},{"imageOffset":17882724,"symbol":"UIApplicationMain","symbolLocation":124,"imageIndex":12},{"imageOffset":3694744,"imageIndex":12},{"imageOffset":17004,"sourceFile":"\/<compiler-generated>","symbol":"static UIApplicationDelegate.main()","symbolLocation":128,"imageIndex":2},{"imageOffset":16860,"sourceFile":"\/<compiler-generated>","symbol":"static AppDelegate.$main()","symbolLocation":44,"imageIndex":2},{"imageOffset":20464,"sourceFile":"\/<compiler-generated>","symbol":"__debug_main_executable_dylib_entry_point","symbolLocation":28,"imageIndex":2},{"imageOffset":4342862800,"imageIndex":17},{"imageOffset":36180,"symbol":"start","symbolLocation":7184,"imageIndex":0}]},{"id":2611472,"frames":[],"threadState":{"x":[{"value":6125301760},{"value":5379},{"value":6124765184},{"value":0},{"value":409602},{"value":18446744073709551615},{"value":0},{"value":0},{"value":0},{"value":0},{"value":0},{"value":0},{"value":0},{"value":0},{"value":0},{"value":0},{"value":0},{"value":0},{"value":0},{"value":0},{"value":0},{"value":0},{"value":0},{"value":0},{"value":0},{"value":0},{"value":0},{"value":0},{"value":0}],"flavor":"ARM_THREAD_STATE64","lr":{"value":0},"cpsr":{"value":4096},"fp":{"value":0},"sp":{"value":6125301760},"esr":{"value":1442840704,"description":"(Syscall)"},"pc":{"value":4342241668},"far":{"value":0}}},{"id":2611473,"frames":[{"imageOffset":10108,"symbol":"__ulock_wait","symbolLocation":8,"imageIndex":5},{"imageOffset":13744,"symbol":"_dlock_wait","symbolLocation":52,"imageIndex":14},{"imageOffset":13244,"symbol":"_dispatch_thread_event_wait_slow","symbolLocation":52,"imageIndex":14},{"imageOffset":74600,"symbol":"__DISPATCH_WAIT_FOR_QUEUE__","symbolLocation":392,"imageIndex":14},{"imageOffset":73316,"symbol":"_dispatch_sync_f_slow","symbolLocation":160,"imageIndex":14},{"imageOffset":102308,"symbol":"___os_state_request_for_self_block_invoke","symbolLocation":340,"imageIndex":18},{"imageOffset":6056,"symbol":"_dispatch_call_block_and_release","symbolLocation":24,"imageIndex":14},{"imageOffset":115888,"symbol":"_dispatch_client_callout","symbolLocation":12,"imageIndex":14},{"imageOffset":44072,"symbol":"_dispatch_lane_serial_drain","symbolLocation":984,"imageIndex":14},{"imageOffset":46824,"symbol":"_dispatch_lane_invoke","symbolLocation":396,"imageIndex":14},{"imageOffset":91444,"symbol":"_dispatch_root_queue_drain_deferred_wlh","symbolLocation":288,"imageIndex":14},{"imageOffset":89204,"symbol":"_dispatch_workloop_worker_thread","symbolLocation":692,"imageIndex":14},{"imageOffset":11148,"symbol":"_pthread_wqthread","symbolLocation":288,"imageIndex":6},{"imageOffset":6540,"symbol":"start_wqthread","symbolLocation":8,"imageIndex":6}],"threadState":{"x":[{"value":18446744073709551612},{"value":0},{"value":4294967295},{"value":0},{"value":8365247616,"symbolLocation":0,"symbol":"_dispatch_main_q"},{"value":18},{"value":0},{"value":0},{"value":0},{"value":6},{"value":105553140536262},{"value":105553140536272},{"value":8365247720,"symbolLocation":104,"symbol":"_dispatch_main_q"},{"value":8365247664,"symbolLocation":48,"symbol":"_dispatch_main_q"},{"value":9005068950962176},{"value":9005137670438912},{"value":515},{"value":3160711278},{"value":0},{"value":4294967295},{"value":1},{"value":0},{"value":6125872896},{"value":8365247616,"symbolLocation":0,"symbol":"_dispatch_main_q"},{"value":18},{"value":6527737856},{"value":0},{"value":0},{"value":9223372036862574098}],"flavor":"ARM_THREAD_STATE64","lr":{"value":6444262832},"cpsr":{"value":1073745920},"fp":{"value":6125872704},"sp":{"value":6125872672},"esr":{"value":1442840704,"description":"(Syscall)"},"pc":{"value":4343637884},"far":{"value":0}}},{"id":2611479,"frames":[],"threadState":{"x":[{"value":6126448640},{"value":6147},{"value":6125912064},{"value":0},{"value":409604},{"value":18446744073709551615},{"value":0},{"value":0},{"value":0},{"value":0},{"value":0},{"value":0},{"value":0},{"value":0},{"value":0},{"value":0},{"value":0},{"value":0},{"value":0},{"value":0},{"value":0},{"value":0},{"value":0},{"value":0},{"value":0},{"value":0},{"value":0},{"value":0},{"value":0}],"flavor":"ARM_THREAD_STATE64","lr":{"value":0},"cpsr":{"value":4096},"fp":{"value":0},"sp":{"value":6126448640},"esr":{"value":1442840704,"description":"(Syscall)"},"pc":{"value":4342241668},"far":{"value":0}}},{"id":2611480,"frames":[],"threadState":{"x":[{"value":6127022080},{"value":9475},{"value":6126485504},{"value":0},{"value":409604},{"value":18446744073709551615},{"value":0},{"value":0},{"value":0},{"value":0},{"value":0},{"value":0},{"value":0},{"value":0},{"value":0},{"value":0},{"value":0},{"value":0},{"value":0},{"value":0},{"value":0},{"value":0},{"value":0},{"value":0},{"value":0},{"value":0},{"value":0},{"value":0},{"value":0}],"flavor":"ARM_THREAD_STATE64","lr":{"value":0},"cpsr":{"value":4096},"fp":{"value":0},"sp":{"value":6127022080},"esr":{"value":1442840704,"description":"(Syscall)"},"pc":{"value":4342241668},"far":{"value":0}}},{"id":2611481,"name":"com.apple.uikit.eventfetch-thread","threadState":{"x":[{"value":268451845},{"value":21592279046},{"value":8589934592},{"value":67083094196224},{"value":2162692},{"value":67083094196224},{"value":2},{"value":4294967295},{"value":0},{"value":17179869184},{"value":0},{"value":2},{"value":0},{"value":0},{"value":15619},{"value":3072},{"value":18446744073709551569},{"value":65},{"value":0},{"value":4294967295},{"value":2},{"value":67083094196224},{"value":2162692},{"value":67083094196224},{"value":6127590792},{"value":8589934592},{"value":21592279046},{"value":18446744073709550527},{"value":4412409862,"symbolLocation":1218,"symbol":"-[RCTModuleMethod invokeWithBridge:module:arguments:]"}],"flavor":"ARM_THREAD_STATE64","lr":{"value":4343699724},"cpsr":{"value":4096},"fp":{"value":6127590640},"sp":{"value":6127590560},"esr":{"value":1442840704,"description":"(Syscall)"},"pc":{"value":4343630704},"far":{"value":0}},"frames":[{"imageOffset":2928,"symbol":"mach_msg2_trap","symbolLocation":8,"imageIndex":5},{"imageOffset":71948,"symbol":"mach_msg2_internal","symbolLocation":72,"imageIndex":5},{"imageOffset":35856,"symbol":"mach_msg_overwrite","symbolLocation":480,"imageIndex":5},{"imageOffset":3812,"symbol":"mach_msg","symbolLocation":20,"imageIndex":5},{"imageOffset":601404,"symbol":"__CFRunLoopServiceMachPort","symbolLocation":156,"imageIndex":11},{"imageOffset":597748,"symbol":"__CFRunLoopRun","symbolLocation":1128,"imageIndex":11},{"imageOffset":577060,"symbol":"_CFRunLoopRunSpecificWithOptions","symbolLocation":496,"imageIndex":11},{"imageOffset":9010348,"symbol":"-[NSRunLoop(NSRunLoop) runMode:beforeDate:]","symbolLocation":208,"imageIndex":19},{"imageOffset":9010892,"symbol":"-[NSRunLoop(NSRunLoop) runUntilDate:]","symbolLocation":60,"imageIndex":19},{"imageOffset":18616568,"symbol":"-[UIEventFetcher threadMain]","symbolLocation":392,"imageIndex":12},{"imageOffset":9169784,"symbol":"__NSThread__start__","symbolLocation":716,"imageIndex":19},{"imageOffset":26028,"symbol":"_pthread_start","symbolLocation":104,"imageIndex":6},{"imageOffset":6552,"symbol":"thread_start","symbolLocation":8,"imageIndex":6}]},{"id":2611482,"frames":[{"imageOffset":10108,"symbol":"__ulock_wait","symbolLocation":8,"imageIndex":5},{"imageOffset":13744,"symbol":"_dlock_wait","symbolLocation":52,"imageIndex":14},{"imageOffset":13244,"symbol":"_dispatch_thread_event_wait_slow","symbolLocation":52,"imageIndex":14},{"imageOffset":74600,"symbol":"__DISPATCH_WAIT_FOR_QUEUE__","symbolLocation":392,"imageIndex":14},{"imageOffset":73316,"symbol":"_dispatch_sync_f_slow","symbolLocation":160,"imageIndex":14},{"imageOffset":16016216,"symbol":"__37-[_UIRemoteKeyboards startConnection]_block_invoke.396","symbolLocation":116,"imageIndex":12},{"imageOffset":1311664,"symbol":"__invoking___","symbolLocation":144,"imageIndex":11},{"imageOffset":1299804,"symbol":"-[NSInvocation invoke]","symbolLocation":276,"imageIndex":11},{"imageOffset":9945596,"symbol":"<deduplicated_symbol>","symbolLocation":12,"imageIndex":19},{"imageOffset":9944680,"symbol":"-[NSXPCConnection _decodeAndInvokeReplyBlockWithEvent:sequence:replyInfo:]","symbolLocation":484,"imageIndex":19},{"imageOffset":9960784,"symbol":"__88-[NSXPCConnection _sendInvocation:orArguments:count:methodSignature:selector:withProxy:]_block_invoke_5","symbolLocation":184,"imageIndex":19},{"imageOffset":117028,"symbol":"_xpc_connection_reply_callout","symbolLocation":60,"imageIndex":20},{"imageOffset":63676,"symbol":"_xpc_connection_call_reply_async","symbolLocation":92,"imageIndex":20},{"imageOffset":115928,"symbol":"<deduplicated_symbol>","symbolLocation":12,"imageIndex":14},{"imageOffset":134148,"symbol":"_dispatch_mach_msg_async_reply_invoke","symbolLocation":508,"imageIndex":14},{"imageOffset":43392,"symbol":"_dispatch_lane_serial_drain","symbolLocation":304,"imageIndex":14},{"imageOffset":46824,"symbol":"_dispatch_lane_invoke","symbolLocation":396,"imageIndex":14},{"imageOffset":91444,"symbol":"_dispatch_root_queue_drain_deferred_wlh","symbolLocation":288,"imageIndex":14},{"imageOffset":89204,"symbol":"_dispatch_workloop_worker_thread","symbolLocation":692,"imageIndex":14},{"imageOffset":11148,"symbol":"_pthread_wqthread","symbolLocation":288,"imageIndex":6},{"imageOffset":6540,"symbol":"start_wqthread","symbolLocation":8,"imageIndex":6}],"threadState":{"x":[{"value":18446744073709551612},{"value":0},{"value":4294967295},{"value":0},{"value":8365247616,"symbolLocation":0,"symbol":"_dispatch_main_q"},{"value":18},{"value":0},{"value":0},{"value":0},{"value":6},{"value":6125872806},{"value":6125872816},{"value":8365247720,"symbolLocation":104,"symbol":"_dispatch_main_q"},{"value":8365247664,"symbolLocation":48,"symbol":"_dispatch_main_q"},{"value":9005068950962176},{"value":8365443760,"symbolLocation":0,"symbol":"OBJC_CLASS_$_NSMethodSignature"},{"value":515},{"value":288230384519354257,"symbolLocation":288230376151711745,"symbol":"OBJC_CLASS_$__UIKeyboardChangedInformation"},{"value":0},{"value":4294967295},{"value":1},{"value":0},{"value":6128164560},{"value":8365247616,"symbolLocation":0,"symbol":"_dispatch_main_q"},{"value":18},{"value":2148468479},{"value":4351},{"value":8447},{"value":105553140508032}],"flavor":"ARM_THREAD_STATE64","lr":{"value":6444262832},"cpsr":{"value":1073745920},"fp":{"value":6128164368},"sp":{"value":6128164336},"esr":{"value":1442840704,"description":"(Syscall)"},"pc":{"value":4343637884},"far":{"value":0}}},{"id":2611483,"frames":[],"threadState":{"x":[{"value":6128742400},{"value":20227},{"value":6128205824},{"value":0},{"value":409604},{"value":18446744073709551615},{"value":0},{"value":0},{"value":0},{"value":0},{"value":0},{"value":0},{"value":0},{"value":0},{"value":0},{"value":0},{"value":0},{"value":0},{"value":0},{"value":0},{"value":0},{"value":0},{"value":0},{"value":0},{"value":0},{"value":0},{"value":0},{"value":0},{"value":0}],"flavor":"ARM_THREAD_STATE64","lr":{"value":0},"cpsr":{"value":4096},"fp":{"value":0},"sp":{"value":6128742400},"esr":{"value":1442840704,"description":"(Syscall)"},"pc":{"value":4342241668},"far":{"value":0}}},{"id":2611484,"frames":[],"threadState":{"x":[{"value":6129315840},{"value":20491},{"value":6128779264},{"value":0},{"value":409602},{"value":18446744073709551615},{"value":0},{"value":0},{"value":0},{"value":0},{"value":0},{"value":0},{"value":0},{"value":0},{"value":0},{"value":0},{"value":0},{"value":0},{"value":0},{"value":0},{"value":0},{"value":0},{"value":0},{"value":0},{"value":0},{"value":0},{"value":0},{"value":0},{"value":0}],"flavor":"ARM_THREAD_STATE64","lr":{"value":0},"cpsr":{"value":4096},"fp":{"value":0},"sp":{"value":6129315840},"esr":{"value":1442840704,"description":"(Syscall)"},"pc":{"value":4342241668},"far":{"value":0}}},{"id":2611485,"frames":[],"threadState":{"x":[{"value":6129889280},{"value":19715},{"value":6129352704},{"value":6129888128},{"value":5128194},{"value":1},{"value":0},{"value":0},{"value":0},{"value":0},{"value":0},{"value":0},{"value":0},{"value":0},{"value":0},{"value":0},{"value":0},{"value":0},{"value":0},{"value":0},{"value":0},{"value":0},{"value":0},{"value":0},{"value":0},{"value":0},{"value":0},{"value":0},{"value":0}],"flavor":"ARM_THREAD_STATE64","lr":{"value":0},"cpsr":{"value":4096},"fp":{"value":0},"sp":{"value":6129888112},"esr":{"value":1442840704,"description":"(Syscall)"},"pc":{"value":4342241668},"far":{"value":0}}},{"id":2611486,"frames":[],"threadState":{"x":[{"value":6130462720},{"value":19459},{"value":6129926144},{"value":0},{"value":409604},{"value":18446744073709551615},{"value":0},{"value":0},{"value":0},{"value":0},{"value":0},{"value":0},{"value":0},{"value":0},{"value":0},{"value":0},{"value":0},{"value":0},{"value":0},{"value":0},{"value":0},{"value":0},{"value":0},{"value":0},{"value":0},{"value":0},{"value":0},{"value":0},{"value":0}],"flavor":"ARM_THREAD_STATE64","lr":{"value":0},"cpsr":{"value":4096},"fp":{"value":0},"sp":{"value":6130462720},"esr":{"value":1442840704,"description":"(Syscall)"},"pc":{"value":4342241668},"far":{"value":0}}}],
  "usedImages" : [
  {
    "source" : "P",
    "arch" : "arm64e",
    "base" : 4344758272,
    "size" : 655360,
    "uuid" : "abfd3247-50ac-3c8e-b72a-83710166e982",
    "path" : "\/usr\/lib\/dyld",
    "name" : "dyld"
  },
  {
    "source" : "P",
    "arch" : "arm64",
    "base" : 4342136832,
    "CFBundleShortVersionString" : "1.0",
    "CFBundleIdentifier" : "org.reactjs.native.example.pulse",
    "size" : 16384,
    "uuid" : "94b16d5d-ce2b-3347-b223-cb8f2fcc2229",
    "path" : "\/Users\/USER\/Library\/Developer\/CoreSimulator\/Devices\/1C228E0D-5FDE-4A74-807A-7A6FB3F577CE\/data\/Containers\/Bundle\/Application\/2B87616C-7270-4520-9B12-224C64A71EC9\/pulse.app\/pulse",
    "name" : "pulse",
    "CFBundleVersion" : "1"
  },
  {
    "source" : "P",
    "arch" : "arm64",
    "base" : 4403937280,
    "size" : 19152896,
    "uuid" : "ff5b8371-7a85-3887-a55c-ba333e4b135b",
    "path" : "\/Users\/USER\/Library\/Developer\/CoreSimulator\/Devices\/1C228E0D-5FDE-4A74-807A-7A6FB3F577CE\/data\/Containers\/Bundle\/Application\/2B87616C-7270-4520-9B12-224C64A71EC9\/pulse.app\/pulse.debug.dylib",
    "name" : "pulse.debug.dylib"
  },
  {
    "source" : "P",
    "arch" : "arm64",
    "base" : 4352819200,
    "CFBundleShortVersionString" : "0.12.0",
    "CFBundleIdentifier" : "dev.hermesengine.iphonesimulator",
    "size" : 3702784,
    "uuid" : "4949cd5e-de1f-3087-b8b3-4102ab8a92d7",
    "path" : "\/Users\/USER\/Library\/Developer\/CoreSimulator\/Devices\/1C228E0D-5FDE-4A74-807A-7A6FB3F577CE\/data\/Containers\/Bundle\/Application\/2B87616C-7270-4520-9B12-224C64A71EC9\/pulse.app\/Frameworks\/hermesvm.framework\/hermesvm",
    "name" : "hermesvm",
    "CFBundleVersion" : "0.12.0"
  },
  {
    "source" : "P",
    "arch" : "arm64",
    "base" : 4342644736,
    "size" : 32768,
    "uuid" : "17930e7e-c827-30c1-ac1b-3609e78ce08f",
    "path" : "\/usr\/lib\/system\/libsystem_platform.dylib",
    "name" : "libsystem_platform.dylib"
  },
  {
    "source" : "P",
    "arch" : "arm64",
    "base" : 4343627776,
    "size" : 245760,
    "uuid" : "6dd16983-f208-3e1d-920e-bcca7f52f6ad",
    "path" : "\/usr\/lib\/system\/libsystem_kernel.dylib",
    "name" : "libsystem_kernel.dylib"
  },
  {
    "source" : "P",
    "arch" : "arm64",
    "base" : 4342235136,
    "size" : 65536,
    "uuid" : "2a3baf85-cbb9-3ccc-8c41-958d019a8ec5",
    "path" : "\/usr\/lib\/system\/libsystem_pthread.dylib",
    "name" : "libsystem_pthread.dylib"
  },
  {
    "source" : "P",
    "arch" : "arm64",
    "base" : 4347084800,
    "size" : 49152,
    "uuid" : "78c22921-6ad3-3681-bedb-525a69493719",
    "path" : "\/Volumes\/VOLUME\/*\/libobjc-trampolines.dylib",
    "name" : "libobjc-trampolines.dylib"
  },
  {
    "source" : "P",
    "arch" : "arm64",
    "base" : 6443732992,
    "size" : 512636,
    "uuid" : "d591507f-069e-335b-a3ba-95dbac2e9dfa",
    "path" : "\/Volumes\/VOLUME\/*\/libsystem_c.dylib",
    "name" : "libsystem_c.dylib"
  },
  {
    "source" : "P",
    "arch" : "arm64",
    "base" : 6445502464,
    "size" : 99696,
    "uuid" : "5b496e0d-c60f-38e4-8d0a-0e27ad32b14a",
    "path" : "\/Volumes\/VOLUME\/*\/libc++abi.dylib",
    "name" : "libc++abi.dylib"
  },
  {
    "source" : "P",
    "arch" : "arm64",
    "base" : 6442909696,
    "size" : 250504,
    "uuid" : "99860b81-03a1-3f42-a755-321cc0032934",
    "path" : "\/Volumes\/VOLUME\/*\/libobjc.A.dylib",
    "name" : "libobjc.A.dylib"
  },
  {
    "source" : "P",
    "arch" : "arm64",
    "base" : 6446358528,
    "CFBundleShortVersionString" : "6.9",
    "CFBundleIdentifier" : "com.apple.CoreFoundation",
    "size" : 4329024,
    "uuid" : "7b44bd11-eb8c-337a-82fc-b81c10bd0b15",
    "path" : "\/Volumes\/VOLUME\/*\/CoreFoundation.framework\/CoreFoundation",
    "name" : "CoreFoundation",
    "CFBundleVersion" : "4040.1"
  },
  {
    "source" : "P",
    "arch" : "arm64",
    "base" : 6527737856,
    "CFBundleShortVersionString" : "1.0",
    "CFBundleIdentifier" : "com.apple.UIKitCore",
    "size" : 35105632,
    "uuid" : "718bdf15-89c6-3901-9eac-98ea2b8dc1bd",
    "path" : "\/Volumes\/VOLUME\/*\/UIKitCore.framework\/UIKitCore",
    "name" : "UIKitCore",
    "CFBundleVersion" : "9088.1.114"
  },
  {
    "source" : "P",
    "arch" : "arm64",
    "base" : 6581788672,
    "CFBundleShortVersionString" : "1000.0.1",
    "CFBundleIdentifier" : "com.apple.FrontBoardServices",
    "size" : 840000,
    "uuid" : "eceae339-93fd-335c-9db9-77ee6b6ef896",
    "path" : "\/Volumes\/VOLUME\/*\/FrontBoardServices.framework\/FrontBoardServices",
    "name" : "FrontBoardServices",
    "CFBundleVersion" : "1000.0.1"
  },
  {
    "source" : "P",
    "arch" : "arm64",
    "base" : 6444249088,
    "size" : 283072,
    "uuid" : "e4af9b0e-70f1-369d-8dd1-f07b9754834b",
    "path" : "\/Volumes\/VOLUME\/*\/libdispatch.dylib",
    "name" : "libdispatch.dylib"
  },
  {
    "source" : "P",
    "arch" : "arm64",
    "base" : 6575894528,
    "CFBundleShortVersionString" : "1.0",
    "CFBundleIdentifier" : "com.apple.BoardServices",
    "size" : 516288,
    "uuid" : "8952375b-52e0-3806-ae86-6733c45a450f",
    "path" : "\/Volumes\/VOLUME\/*\/BoardServices.framework\/BoardServices",
    "name" : "BoardServices",
    "CFBundleVersion" : "732.0.1"
  },
  {
    "source" : "P",
    "arch" : "arm64",
    "base" : 6749876224,
    "CFBundleShortVersionString" : "1.0",
    "CFBundleIdentifier" : "com.apple.GraphicsServices",
    "size" : 32192,
    "uuid" : "02f377dd-50ff-356a-bcea-2c061ebe5045",
    "path" : "\/Volumes\/VOLUME\/*\/GraphicsServices.framework\/GraphicsServices",
    "name" : "GraphicsServices",
    "CFBundleVersion" : "1.0"
  },
  {
    "size" : 0,
    "source" : "A",
    "base" : 0,
    "uuid" : "00000000-0000-0000-0000-000000000000"
  },
  {
    "source" : "P",
    "arch" : "arm64",
    "base" : 6443343872,
    "size" : 122624,
    "uuid" : "00017735-361b-302f-92f1-6b098d6b0948",
    "path" : "\/Volumes\/VOLUME\/*\/libsystem_trace.dylib",
    "name" : "libsystem_trace.dylib"
  },
  {
    "source" : "P",
    "arch" : "arm64",
    "base" : 6451208192,
    "CFBundleShortVersionString" : "6.9",
    "CFBundleIdentifier" : "com.apple.Foundation",
    "size" : 14002432,
    "uuid" : "0525cd9f-cd95-31fe-856c-939c0851eb23",
    "path" : "\/Volumes\/VOLUME\/*\/Foundation.framework\/Foundation",
    "name" : "Foundation",
    "CFBundleVersion" : "4040.1"
  },
  {
    "source" : "P",
    "arch" : "arm64",
    "base" : 6443466752,
    "size" : 252256,
    "uuid" : "8e65da13-e624-392f-8392-b80bf6fec65e",
    "path" : "\/Volumes\/VOLUME\/*\/libxpc.dylib",
    "name" : "libxpc.dylib"
  }
],
  "sharedCache" : {
  "base" : 6442450944,
  "size" : 4274012160,
  "uuid" : "c1adf0b8-ea53-34df-8dda-aecf8416e03c"
},
  "vmSummary" : "ReadOnly portion of Libraries: Total=2.0G resident=0K(0%) swapped_out_or_unallocated=2.0G(100%)\nWritable regions: Total=610.2M written=1907K(0%) resident=1907K(0%) swapped_out=0K(0%) unallocated=608.4M(100%)\n\n                                VIRTUAL   REGION \nREGION TYPE                        SIZE    COUNT (non-coalesced) \n===========                     =======  ======= \nActivity Tracing                   256K        1 \nColorSync                           48K        3 \nFoundation                          16K        1 \nKernel Alloc Once                   32K        1 \nMALLOC                           594.4M       34 \nMALLOC guard page                  128K        8 \nSTACK GUARD                       56.2M       11 \nStack                             13.3M       11 \nVM_ALLOCATE                        160K        2 \n__DATA                            54.9M     1015 \n__DATA_CONST                     130.3M     1043 \n__DATA_DIRTY                       139K       13 \n__FONT_DATA                        2352        1 \n__LINKEDIT                       738.6M        9 \n__OBJC_RO                         62.5M        1 \n__OBJC_RW                         2768K        1 \n__TEXT                             1.2G     1058 \n__TPRO_CONST                       148K        2 \ndyld private memory                2.1G       15 \nmapped file                       33.2M        9 \npage table in kernel              1907K        1 \nshared memory                       16K        1 \n===========                     =======  ======= \nTOTAL                              5.0G     3241 \n",
  "legacyInfo" : {
  "threadTriggered" : {

  }
},
  "logWritingSignature" : "7ba8150de6040203d449571a3beef0161aaa2672",
  "trialInfo" : {
  "rollouts" : [
    {
      "rolloutId" : "67648e5334a82511f4acf879",
      "factorPackIds" : [

      ],
      "deploymentId" : 240000008
    },
    {
      "rolloutId" : "65a8173205d942272410674b",
      "factorPackIds" : [
        "65d39fa4cb0e2417d11ce5f6"
      ],
      "deploymentId" : 240000001
    }
  ],
  "experiments" : [

  ]
}
}

Model: Mac14,2, BootROM 13822.1.2, proc 8:4:4 processors, 16 GB, SMC 
Graphics: Apple M2, Apple M2, Built-In
Display: Color LCD, 2560 x 1664 Retina, Main, MirrorOff, Online
Memory Module: LPDDR5, Micron
AirPort: spairport_wireless_card_type_wifi (0x14E4, 0x4387), wl0: Jul 18 2025 22:12:22 version 20.131.2.0.8.7.213 FWID 01-50636f04
IO80211_driverkit-1525.88 "IO80211_driverkit-1525.88" Aug  6 2025 21:19:03
AirPort: 
Bluetooth: Version (null), 0 services, 0 devices, 0 incoming serial ports
Network Service: Wi-Fi, AirPort, en0
Thunderbolt Bus: MacBook Air, Apple Inc.
Thunderbolt Bus: MacBook Air, Apple Inc.